#
# There is insufficient memory for the Java Runtime Environment to continue.
# Native memory allocation (mmap) failed to map 268435456 bytes for Failed to commit area from 0x0000000701600000 to 0x0000000711600000 of length 268435456.
# Possible reasons:
#   The system is out of physical RAM or swap space
#   The process is running with CompressedOops enabled, and the Java Heap may be blocking the growth of the native heap
# Possible solutions:
#   Reduce memory load on the system
#   Increase physical memory or swap space
#   Check if swap backing store is full
#   Decrease Java heap size (-Xmx/-Xms)
#   Decrease number of Java threads
#   Decrease Java thread stack sizes (-Xss)
#   Set larger code cache with -XX:ReservedCodeCacheSize=
# This output file may be truncated or incomplete.
#
#  Out of Memory Error (t:/workspace/open/src/hotspot/os/windows/os_windows.cpp:3269), pid=26980, tid=26884
#
# JRE version:  (11.0+28) (build )
# Java VM: Java HotSpot(TM) 64-Bit Server VM (11+28, mixed mode, aot, sharing, tiered, compressed oops, g1 gc, windows-amd64)
# No core dump will be written. Minidumps are not enabled by default on client versions of Windows
#

---------------  S U M M A R Y ------------

Command Line: -Dmaven.multiModuleProjectDirectory=C:\Users\11111\muke\autotest\MybatisWithCase -Dmaven.home=D:\Program Files (x86)\IntelliJ IDEA 2021.3.2\plugins\maven\lib\maven3 -Dclassworlds.conf=D:\Program Files (x86)\IntelliJ IDEA 2021.3.2\plugins\maven\lib\maven3\bin\m2.conf -Dmaven.ext.class.path=D:\Program Files (x86)\IntelliJ IDEA 2021.3.2\plugins\maven\lib\maven-event-listener.jar -javaagent:D:\Program Files (x86)\IntelliJ IDEA 2021.3.2\lib\idea_rt.jar=62622:D:\Program Files (x86)\IntelliJ IDEA 2021.3.2\bin -Dfile.encoding=UTF-8 org.codehaus.classworlds.Launcher -Didea.version=2021.3.2 test

Host: Intel(R) Core(TM) i5-8250U CPU @ 1.60GHz, 8 cores, 15G,  Windows 10 , 64 bit Build 19041 (10.0.19041.1706)
Time: Sun Jun  2 15:25:57 2024 中国标准时间 elapsed time: 0 seconds (0d 0h 0m 0s)

---------------  T H R E A D  ---------------

Current thread (0x0000025e56e09800):  JavaThread "Unknown thread" [_thread_in_vm, id=26884, stack(0x00000090b4600000,0x00000090b4700000)]

Stack: [0x00000090b4600000,0x00000090b4700000]
Native frames: (J=compiled Java code, j=interpreted, Vv=VM code, C=native code)
V  [jvm.dll+0x63c22a]
V  [jvm.dll+0x7797ef]
V  [jvm.dll+0x77adda]
V  [jvm.dll+0x77b493]
V  [jvm.dll+0x262818]
V  [jvm.dll+0x6396da]
V  [jvm.dll+0x62dfb5]
V  [jvm.dll+0x31699c]
V  [jvm.dll+0x316822]
V  [jvm.dll+0x31c096]
V  [jvm.dll+0x3684af]
V  [jvm.dll+0x367ed0]
V  [jvm.dll+0x2f38b8]
V  [jvm.dll+0x2f4a16]
V  [jvm.dll+0x752db7]
V  [jvm.dll+0x7544ff]
V  [jvm.dll+0x3752e9]
V  [jvm.dll+0x7394b9]
V  [jvm.dll+0x3e46fd]
V  [jvm.dll+0x3e69d1]
C  [java.exe+0x3603]
C  [java.exe+0x178dc]
C  [KERNEL32.DLL+0x17034]
C  [ntdll.dll+0x52651]


---------------  P R O C E S S  ---------------

Threads class SMR info:
_java_thread_list=0x0000025e55443d60, length=0, elements={
}

Java Threads: ( => current thread )

Other Threads:
  0x0000025e56e21800 GCTaskThread "GC Thread#0" [stack: 0x00000090b4700000,0x00000090b4800000] [id=29824]
  0x0000025e56e81000 ConcurrentGCThread "G1 Main Marker" [stack: 0x00000090b4800000,0x00000090b4900000] [id=29256]
  0x0000025e56e83800 ConcurrentGCThread "G1 Conc#0" [stack: 0x00000090b4900000,0x00000090b4a00000] [id=29976]

[error occurred during error reporting (printing all threads), id 0xc0000005, EXCEPTION_ACCESS_VIOLATION (0xc0000005) at pc=0x00007ff8ca2d2137]

VM state:not at safepoint (not fully initialized)

VM Mutex/Monitor currently owned by a thread:  ([mutex/lock_event])
[0x0000025e56e06b10] Heap_lock - owner thread: 0x0000025e56e09800

Heap address: 0x0000000701600000, size: 4074 MB, Compressed Oops mode: Non-zero based: 0x0000000701600000
Narrow klass base: 0x0000000000000000, Narrow klass shift: 0

GC Heap History (0 events):
No events

Deoptimization events (0 events):
No events

Classes redefined (0 events):
No events

Internal exceptions (0 events):
No events

Events (0 events):
No events


Dynamic libraries:
0x00007ff76de30000 - 0x00007ff76de77000 	D:\jdk11\bin\java.exe
0x00007ff964af0000 - 0x00007ff964ce5000 	C:\WINDOWS\SYSTEM32\ntdll.dll
0x00007ff963930000 - 0x00007ff9639ed000 	C:\WINDOWS\System32\KERNEL32.DLL
0x00007ff962380000 - 0x00007ff96264d000 	C:\WINDOWS\System32\KERNELBASE.dll
0x00007ff9639f0000 - 0x00007ff963a9e000 	C:\WINDOWS\System32\ADVAPI32.dll
0x00007ff9636b0000 - 0x00007ff96374e000 	C:\WINDOWS\System32\msvcrt.dll
0x00007ff962bf0000 - 0x00007ff962c8c000 	C:\WINDOWS\System32\sechost.dll
0x00007ff963800000 - 0x00007ff963925000 	C:\WINDOWS\System32\RPCRT4.dll
0x00007ff962ef0000 - 0x00007ff963090000 	C:\WINDOWS\System32\USER32.dll
0x00007ff962a80000 - 0x00007ff962aa2000 	C:\WINDOWS\System32\win32u.dll
0x00007ff962ec0000 - 0x00007ff962eea000 	C:\WINDOWS\System32\GDI32.dll
0x00007ff962700000 - 0x00007ff96280b000 	C:\WINDOWS\System32\gdi32full.dll
0x00007ff9629e0000 - 0x00007ff962a7d000 	C:\WINDOWS\System32\msvcp_win.dll
0x00007ff962200000 - 0x00007ff962300000 	C:\WINDOWS\System32\ucrtbase.dll
0x00007ff94df90000 - 0x00007ff94e22a000 	C:\WINDOWS\WinSxS\amd64_microsoft.windows.common-controls_6595b64144ccf1df_6.0.19041.1110_none_60b5254171f9507e\COMCTL32.dll
0x00007ff956a40000 - 0x00007ff956a4a000 	C:\WINDOWS\SYSTEM32\VERSION.dll
0x00007ff963750000 - 0x00007ff963780000 	C:\WINDOWS\System32\IMM32.DLL
0x00007ff959170000 - 0x00007ff959186000 	D:\jdk11\bin\vcruntime140.dll
0x00007ff92fb40000 - 0x00007ff92fbea000 	D:\jdk11\bin\msvcp140.dll
0x00007ff8c9fd0000 - 0x00007ff8cab12000 	D:\jdk11\bin\server\jvm.dll
0x00007ff963510000 - 0x00007ff963518000 	C:\WINDOWS\System32\PSAPI.DLL
0x00007ff93b420000 - 0x00007ff93b429000 	C:\WINDOWS\SYSTEM32\WSOCK32.dll
0x00007ff952ef0000 - 0x00007ff952f17000 	C:\WINDOWS\SYSTEM32\WINMM.dll
0x00007ff964350000 - 0x00007ff9643bb000 	C:\WINDOWS\System32\WS2_32.dll
0x00007ff960a90000 - 0x00007ff960aa2000 	C:\WINDOWS\SYSTEM32\kernel.appcore.dll
0x00007ff958f30000 - 0x00007ff958f41000 	D:\jdk11\bin\verify.dll
0x00007ff95d070000 - 0x00007ff95d254000 	C:\WINDOWS\SYSTEM32\DBGHELP.DLL
0x00007ff94a520000 - 0x00007ff94a54c000 	C:\WINDOWS\SYSTEM32\dbgcore.DLL
0x00007ff962ab0000 - 0x00007ff962b32000 	C:\WINDOWS\System32\bcryptPrimitives.dll
0x00007ff958d90000 - 0x00007ff958db9000 	D:\jdk11\bin\java.dll
0x00007ff95a770000 - 0x00007ff95a79f000 	D:\jdk11\bin\instrument.dll
0x00007ff9571e0000 - 0x00007ff9571f6000 	D:\jdk11\bin\zip.dll
0x00007ff9592b0000 - 0x00007ff9592ba000 	D:\jdk11\bin\jimage.dll

dbghelp: loaded successfully - version: 4.0.5 - missing functions: none
symbol engine: initialized successfully - sym options: 0x614 - pdb path: .;D:\jdk11\bin;C:\WINDOWS\SYSTEM32;C:\WINDOWS\WinSxS\amd64_microsoft.windows.common-controls_6595b64144ccf1df_6.0.19041.1110_none_60b5254171f9507e;D:\jdk11\bin\server

VM Arguments:
jvm_args: -Dmaven.multiModuleProjectDirectory=C:\Users\11111\muke\autotest\MybatisWithCase -Dmaven.home=D:\Program Files (x86)\IntelliJ IDEA 2021.3.2\plugins\maven\lib\maven3 -Dclassworlds.conf=D:\Program Files (x86)\IntelliJ IDEA 2021.3.2\plugins\maven\lib\maven3\bin\m2.conf -Dmaven.ext.class.path=D:\Program Files (x86)\IntelliJ IDEA 2021.3.2\plugins\maven\lib\maven-event-listener.jar -javaagent:D:\Program Files (x86)\IntelliJ IDEA 2021.3.2\lib\idea_rt.jar=62622:D:\Program Files (x86)\IntelliJ IDEA 2021.3.2\bin -Dfile.encoding=UTF-8 
java_command: org.codehaus.classworlds.Launcher -Didea.version=2021.3.2 test
java_class_path (initial): D:\Program Files (x86)\IntelliJ IDEA 2021.3.2\plugins\maven\lib\maven3\boot\plexus-classworlds-2.6.0.jar;D:\Program Files (x86)\IntelliJ IDEA 2021.3.2\plugins\maven\lib\maven3\boot\plexus-classworlds.license
Launcher Type: SUN_STANDARD

[Global flags]
     intx CICompilerCount                          = 4                                         {product} {ergonomic}
     uint ConcGCThreads                            = 2                                         {product} {ergonomic}
     uint G1ConcRefinementThreads                  = 8                                         {product} {ergonomic}
   size_t G1HeapRegionSize                         = 1048576                                   {product} {ergonomic}
    uintx GCDrainStackTargetSize                   = 64                                        {product} {ergonomic}
   size_t InitialHeapSize                          = 268435456                                 {product} {ergonomic}
   size_t MarkStackSize                            = 4194304                                   {product} {ergonomic}
   size_t MaxHeapSize                              = 4271898624                                {product} {ergonomic}
   size_t MinHeapDeltaBytes                        = 1048576                                   {product} {ergonomic}
    uintx NonNMethodCodeHeapSize                   = 5835340                                {pd product} {ergonomic}
    uintx NonProfiledCodeHeapSize                  = 122911450                              {pd product} {ergonomic}
    uintx ProfiledCodeHeapSize                     = 122911450                              {pd product} {ergonomic}
    uintx ReservedCodeCacheSize                    = 251658240                              {pd product} {ergonomic}
     bool SegmentedCodeCache                       = true                                      {product} {ergonomic}
     bool UseCompressedClassPointers               = true                                 {lp64_product} {ergonomic}
     bool UseCompressedOops                        = true                                 {lp64_product} {ergonomic}
     bool UseG1GC                                  = true                                      {product} {ergonomic}
     bool UseLargePagesIndividualAllocation        = false                                  {pd product} {ergonomic}

Logging:
Log output configuration:
 #0: stdout all=warning uptime,level,tags
 #1: stderr all=off uptime,level,tags

Environment Variables:
JAVA_HOME=D:\jdk1.8
PATH=C:\Python310\Scripts\;C:\Python310\;C:\Program Files (x86)\Intel\Intel(R) Management Engine Components\iCLS\;C:\Program Files\Intel\Intel(R) Management Engine Components\iCLS\;C:\WINDOWS\system32;C:\WINDOWS;C:\WINDOWS\System32\Wbem;C:\WINDOWS\System32\WindowsPowerShell\v1.0\;C:\WINDOWS\System32\OpenSSH\;C:\Program Files (x86)\Intel\Intel(R) Management Engine Components\DAL;C:\Program Files\Intel\Intel(R) Management Engine Components\DAL;C:\Program Files (x86)\Intel\Intel(R) Management Engine Components\IPT;C:\Program Files\Intel\Intel(R) Management Engine Components\IPT;C:\Program Files\Git\cmd;D:\Program Files\nodejs\;C:\ProgramData\chocolatey\bin;C:\Program Files\dotnet\;D:\jdk1.8\bin;D:\jdk1.8\jre\bin;C:\Users\11111\AppData\Local\Microsoft\WindowsApps;C:\Program Files (x86)\Tencent\QQGameTempest\Hall.57768\;D:\Program Files (x86)\IntelliJ IDEA 2021.3.2\bin;D:\Program Files (x86)\Microsoft VS Code\bin;C:\Users\11111\AppData\Local\Programs\Fiddler;C:\Users\11111\AppData\Roaming\npm;C:\Program Files\JetBrains\PyCharm 2023.3.2\bin;;C:\Program Files\MySQL\MySQL Server 8.1\bin;
USERNAME=11111
OS=Windows_NT
PROCESSOR_IDENTIFIER=Intel64 Family 6 Model 142 Stepping 10, GenuineIntel



---------------  S Y S T E M  ---------------

OS: Windows 10 , 64 bit Build 19041 (10.0.19041.1706)

CPU:total 8 (initial active 8) (4 cores per cpu, 2 threads per core) family 6 model 142 stepping 10, cmov, cx8, fxsr, mmx, sse, sse2, sse3, ssse3, sse4.1, sse4.2, popcnt, avx, avx2, aes, clmul, erms, 3dnowpref, lzcnt, ht, tsc, tscinvbit, bmi1, bmi2, adx, fma

Memory: 4k page, system-wide physical 16290M (3203M free)
TotalPageFile size 17989M (AvailPageFile size 178M)
current process WorkingSet (physical memory assigned to process): 10M, peak: 10M
current process commit charge ("private bytes"): 60M, peak: 316M

vm_info: Java HotSpot(TM) 64-Bit Server VM (11+28) for windows-amd64 JRE (11+28), built on Aug 23 2018 03:03:59 by "mach5one" with MS VC++ 15.5 (VS2017)

END.
